c:\users\eight_io\devel\of_v0.9.8_vs_release\examples\addons\oscreceiveexample\obj\release\vc140.pdb
c:\users\eight_io\devel\of_v0.9.8_vs_release\examples\addons\osctodrawribbons\obj\release\ofapp.obj
c:\users\eight_io\devel\of_v0.9.8_vs_release\examples\addons\osctodrawribbons\obj\release\main.obj
c:\users\eight_io\devel\of_v0.9.8_vs_release\examples\addons\osctodrawribbons\obj\release\vc140.pdb
c:\users\eight_io\devel\of_v0.9.8_vs_release\examples\addons\oscreceiveexample\bin\osctodrawribbons.exe
c:\users\eight_io\devel\of_v0.9.8_vs_release\examples\addons\osctodrawribbons\bin\osctodrawribbons.exe
c:\users\eight_io\devel\of_v0.9.8_vs_release\examples\addons\oscreceiveexample\bin\osctodrawribbons.lib
c:\users\eight_io\devel\of_v0.9.8_vs_release\examples\addons\oscreceiveexample\bin\osctodrawribbons.exp
c:\users\eight_io\devel\of_v0.9.8_vs_release\examples\addons\osctodrawribbons\bin\osctodrawribbons.lib
c:\users\eight_io\devel\of_v0.9.8_vs_release\examples\addons\osctodrawribbons\bin\osctodrawribbons.exp
c:\users\eight_io\devel\of_v0.9.8_vs_release\examples\addons\osctodrawribbons\obj\release\icon.res
c:\users\eight_io\devel\of_v0.9.8_vs_release\examples\addons\osctodrawribbons\obj\release\oscreceiveexample.vcxprojresolveassemblyreference.cache
c:\users\eight_io\devel\of_v0.9.8_vs_release\examples\addons\osctodrawribbons\obj\release\ipendpointname.obj
c:\users\eight_io\devel\of_v0.9.8_vs_release\examples\addons\osctodrawribbons\obj\release\networkingutils.obj
c:\users\eight_io\devel\of_v0.9.8_vs_release\examples\addons\osctodrawribbons\obj\release\ofxoscbundle.obj
c:\users\eight_io\devel\of_v0.9.8_vs_release\examples\addons\osctodrawribbons\obj\release\ofxoscmessage.obj
c:\users\eight_io\devel\of_v0.9.8_vs_release\examples\addons\osctodrawribbons\obj\release\ofxoscparametersync.obj
c:\users\eight_io\devel\of_v0.9.8_vs_release\examples\addons\osctodrawribbons\obj\release\ofxoscreceiver.obj
c:\users\eight_io\devel\of_v0.9.8_vs_release\examples\addons\osctodrawribbons\obj\release\ofxoscsender.obj
c:\users\eight_io\devel\of_v0.9.8_vs_release\examples\addons\osctodrawribbons\obj\release\oscoutboundpacketstream.obj
c:\users\eight_io\devel\of_v0.9.8_vs_release\examples\addons\osctodrawribbons\obj\release\oscprintreceivedelements.obj
c:\users\eight_io\devel\of_v0.9.8_vs_release\examples\addons\osctodrawribbons\obj\release\oscreceivedelements.obj
c:\users\eight_io\devel\of_v0.9.8_vs_release\examples\addons\osctodrawribbons\obj\release\osctypes.obj
c:\users\eight_io\devel\of_v0.9.8_vs_release\examples\addons\osctodrawribbons\obj\release\udpsocket.obj
c:\users\eight_io\devel\of_v0.9.8_vs_release\examples\addons\osctodrawribbons\obj\release\osctodrawribbons.tlog\cl.command.1.tlog
c:\users\eight_io\devel\of_v0.9.8_vs_release\examples\addons\osctodrawribbons\obj\release\osctodrawribbons.tlog\cl.read.1.tlog
c:\users\eight_io\devel\of_v0.9.8_vs_release\examples\addons\osctodrawribbons\obj\release\osctodrawribbons.tlog\cl.write.1.tlog
c:\users\eight_io\devel\of_v0.9.8_vs_release\examples\addons\osctodrawribbons\obj\release\osctodrawribbons.tlog\link.command.1.tlog
c:\users\eight_io\devel\of_v0.9.8_vs_release\examples\addons\osctodrawribbons\obj\release\osctodrawribbons.tlog\link.read.1.tlog
c:\users\eight_io\devel\of_v0.9.8_vs_release\examples\addons\osctodrawribbons\obj\release\osctodrawribbons.tlog\link.write.1.tlog
c:\users\eight_io\devel\of_v0.9.8_vs_release\examples\addons\osctodrawribbons\obj\release\osctodrawribbons.tlog\osctodrawribbons.write.1u.tlog
c:\users\eight_io\devel\of_v0.9.8_vs_release\examples\addons\osctodrawribbons\obj\release\osctodrawribbons.tlog\rc.command.1.tlog
c:\users\eight_io\devel\of_v0.9.8_vs_release\examples\addons\osctodrawribbons\obj\release\osctodrawribbons.tlog\rc.read.1.tlog
c:\users\eight_io\devel\of_v0.9.8_vs_release\examples\addons\osctodrawribbons\obj\release\osctodrawribbons.tlog\rc.write.1.tlog
